<?xml version="1.0" encoding="UTF-8" ?>
<testsuite tests="1" failures="0" name="com.flowframe.sflow.examples.sflowtest.SflowTest" time="0.084" errors="1" skipped="0">
  <properties>
[...]
</properties>
  <testcase classname="com.flowframe.sflow.examples.sflowtest.SflowTest" name="testRunFlowA" time="0.084">
    <error message="com/flowframe/sflow/core/undertake/context/autoResponse (wrong name: com/flowframe/sflow/core/undertake/context/AutoResponse)" type="java.lang.NoClassDefFoundError">java.lang.NoClassDefFoundError: com/flowframe/sflow/core/undertake/context/autoResponse (wrong name: com/flowframe/sflow/core/undertake/context/AutoResponse)
	at java.lang.ClassLoader.defineClass1(Native Method)
	at java.lang.ClassLoader.defineClass(ClassLoader.java:763)
	at java.security.SecureClassLoader.defineClass(SecureClassLoader.java:142)
	at java.net.URLClassLoader.defineClass(URLClassLoader.java:467)
	at java.net.URLClassLoader.access$100(URLClassLoader.java:73)
	at java.net.URLClassLoader$1.run(URLClassLoader.java:368)
	at java.net.URLClassLoader$1.run(URLClassLoader.java:362)
	at java.security.AccessController.doPrivileged(Native Method)
	at java.net.URLClassLoader.findClass(URLClassLoader.java:361)
	at java.lang.ClassLoader.loadClass(ClassLoader.java:424)
	at sun.misc.Launcher$AppClassLoader.loadClass(Launcher.java:335)
	at java.lang.ClassLoader.loadClass(ClassLoader.java:357)
	at java.lang.Class.forName0(Native Method)
	at java.lang.Class.forName(Class.java:264)
	at com.ql.util.express.parse.ExpressPackage.getClassInner(ExpressPackage.java:100)
	at com.ql.util.express.parse.ExpressPackage.getClass(ExpressPackage.java:48)
	at com.ql.util.express.parse.ExpressParse.transferWord2ExpressNode(ExpressParse.java:205)
	at com.ql.util.express.parse.ExpressParse.parse(ExpressParse.java:337)
	at com.ql.util.express.parse.ExpressParse.parse(ExpressParse.java:310)
	at com.ql.util.express.ExpressRunner.parseInstructionSet(ExpressRunner.java:656)
	at com.ql.util.express.ExpressRunner.execute(ExpressRunner.java:561)
	at com.ql.util.express.ExpressRunner.execute(ExpressRunner.java:538)
	at com.flowframe.sflow.examples.sflowtest.node.qlres.RegisterApproveQlExpressServiceImpl.process(RegisterApproveQlExpressServiceImpl.java:41)
	at com.flowframe.sflow.engine.executor.InstanceExecutor.executeComponentQl(InstanceExecutor.java:262)
	at com.flowframe.sflow.engine.executor.InstanceExecutor.actionNodeQlHandler(InstanceExecutor.java:147)
	at com.flowframe.sflow.engine.executor.InstanceExecutor.startProcess(InstanceExecutor.java:68)
	at com.flowframe.sflow.engine.SFlowEngine.startFlow(SFlowEngine.java:35)
	at com.flowframe.sflow.examples.sflowtest.SflowTest.testRunFlowA(SflowTest.java:42)
	at sun.reflect.NativeMethodAccessorImpl.invoke0(Native Method)
	at sun.reflect.NativeMethodAccessorImpl.invoke(NativeMethodAccessorImpl.java:62)
	at sun.reflect.DelegatingMethodAccessorImpl.invoke(DelegatingMethodAccessorImpl.java:43)
	at java.lang.reflect.Method.invoke(Method.java:498)
	at org.junit.runners.model.FrameworkMethod$1.runReflectiveCall(FrameworkMethod.java:59)
	at org.junit.internal.runners.model.ReflectiveCallable.run(ReflectiveCallable.java:12)
	at org.junit.runners.model.FrameworkMethod.invokeExplosively(FrameworkMethod.java:56)
	at org.junit.internal.runners.statements.InvokeMethod.evaluate(InvokeMethod.java:17)
	at org.springframework.test.context.junit4.statements.RunBeforeTestExecutionCallbacks.evaluate(RunBeforeTestExecutionCallbacks.java:74)
	at org.springframework.test.context.junit4.statements.RunAfterTestExecutionCallbacks.evaluate(RunAfterTestExecutionCallbacks.java:84)
	at org.springframework.test.context.junit4.statements.RunBeforeTestMethodCallbacks.evaluate(RunBeforeTestMethodCallbacks.java:75)
	at org.springframework.test.context.junit4.statements.RunAfterTestMethodCallbacks.evaluate(RunAfterTestMethodCallbacks.java:86)
	at org.springframework.test.context.junit4.statements.SpringRepeat.evaluate(SpringRepeat.java:84)
	at org.junit.runners.ParentRunner.runLeaf(ParentRunner.java:366)
	at org.springframework.test.context.junit4.SpringJUnit4ClassRunner.runChild(SpringJUnit4ClassRunner.java:251)
	at org.springframework.test.context.junit4.SpringJUnit4ClassRunner.runChild(SpringJUnit4ClassRunner.java:97)
	at org.junit.runners.ParentRunner$4.run(ParentRunner.java:331)
	at org.junit.runners.ParentRunner$1.schedule(ParentRunner.java:79)
	at org.junit.runners.ParentRunner.runChildren(ParentRunner.java:329)
	at org.junit.runners.ParentRunner.access$100(ParentRunner.java:66)
	at org.junit.runners.ParentRunner$2.evaluate(ParentRunner.java:293)
	at org.springframework.test.context.junit4.statements.RunBeforeTestClassCallbacks.evaluate(RunBeforeTestClassCallbacks.java:61)
	at org.springframework.test.context.junit4.statements.RunAfterTestClassCallbacks.evaluate(RunAfterTestClassCallbacks.java:70)
	at org.junit.runners.ParentRunner$3.evaluate(ParentRunner.java:306)
	at org.junit.runners.ParentRunner.run(ParentRunner.java:413)
	at org.springframework.test.context.junit4.SpringJUnit4ClassRunner.run(SpringJUnit4ClassRunner.java:190)
	at org.apache.maven.surefire.junit4.JUnit4Provider.execute(JUnit4Provider.java:252)
	at org.apache.maven.surefire.junit4.JUnit4Provider.executeTestSet(JUnit4Provider.java:141)
	at org.apache.maven.surefire.junit4.JUnit4Provider.invoke(JUnit4Provider.java:112)
	at sun.reflect.NativeMethodAccessorImpl.invoke0(Native Method)
	at sun.reflect.NativeMethodAccessorImpl.invoke(NativeMethodAccessorImpl.java:62)
	at sun.reflect.DelegatingMethodAccessorImpl.invoke(DelegatingMethodAccessorImpl.java:43)
	at java.lang.reflect.Method.invoke(Method.java:498)
	at org.apache.maven.surefire.util.ReflectionUtils.invokeMethodWithArray(ReflectionUtils.java:189)
	at org.apache.maven.surefire.booter.ProviderFactory$ProviderProxy.invoke(ProviderFactory.java:165)
	at org.apache.maven.surefire.booter.ProviderFactory.invokeProvider(ProviderFactory.java:85)
	at org.apache.maven.surefire.booter.ForkedBooter.runSuitesInProcess(ForkedBooter.java:115)
	at org.apache.maven.surefire.booter.ForkedBooter.main(ForkedBooter.java:75)
</error>
    <system-out>10:25:13.905 [main] DEBUG org.springframework.test.context.junit4.SpringJUnit4ClassRunner - SpringJUnit4ClassRunner constructor called with [class com.flowframe.sflow.examples.sflowtest.SflowTest]
10:25:13.910 [main] DEBUG org.springframework.test.context.BootstrapUtils - Instantiating CacheAwareContextLoaderDelegate from class [org.springframework.test.context.cache.DefaultCacheAwareContextLoaderDelegate]
10:25:13.918 [main] DEBUG org.springframework.test.context.BootstrapUtils - Instantiating BootstrapContext using constructor [public org.springframework.test.context.support.DefaultBootstrapContext(java.lang.Class,org.springframework.test.context.CacheAwareContextLoaderDelegate)]
10:25:13.958 [main] DEBUG org.springframework.test.context.BootstrapUtils - Instantiating TestContextBootstrapper for test class [com.flowframe.sflow.examples.sflowtest.SflowTest] from class [org.springframework.boot.test.context.SpringBootTestContextBootstrapper]
10:25:13.971 [main] INFO org.springframework.boot.test.context.SpringBootTestContextBootstrapper - Neither @ContextConfiguration nor @ContextHierarchy found for test class [com.flowframe.sflow.examples.sflowtest.SflowTest], using SpringBootContextLoader
10:25:13.974 [main] DEBUG org.springframework.test.context.support.AbstractContextLoader - Did not detect default resource location for test class [com.flowframe.sflow.examples.sflowtest.SflowTest]: class path resource [com/flowframe/sflow/examples/sflowtest/SflowTest-context.xml] does not exist
10:25:13.974 [main] DEBUG org.springframework.test.context.support.AbstractContextLoader - Did not detect default resource location for test class [com.flowframe.sflow.examples.sflowtest.SflowTest]: class path resource [com/flowframe/sflow/examples/sflowtest/SflowTestContext.groovy] does not exist
10:25:13.974 [main] INFO org.springframework.test.context.support.AbstractContextLoader - Could not detect default resource locations for test class [com.flowframe.sflow.examples.sflowtest.SflowTest]: no resource found for suffixes {-context.xml, Context.groovy}.
10:25:14.032 [main] DEBUG org.springframework.test.context.support.ActiveProfilesUtils - Could not find an &apos;annotation declaring class&apos; for annotation type [org.springframework.test.context.ActiveProfiles] and class [com.flowframe.sflow.examples.sflowtest.SflowTest]
10:25:14.173 [main] DEBUG org.springframework.boot.test.context.SpringBootTestContextBootstrapper - @TestExecutionListeners is not present for class [com.flowframe.sflow.examples.sflowtest.SflowTest]: using defaults.
10:25:14.173 [main] INFO org.springframework.boot.test.context.SpringBootTestContextBootstrapper - Loaded default TestExecutionListener class names from location [META-INF/spring.factories]: [org.springframework.boot.test.mock.mockito.MockitoTestExecutionListener, org.springframework.boot.test.mock.mockito.ResetMocksTestExecutionListener, org.springframework.boot.test.autoconfigure.restdocs.RestDocsTestExecutionListener, org.springframework.boot.test.autoconfigure.web.client.MockRestServiceServerResetTestExecutionListener, org.springframework.boot.test.autoconfigure.web.servlet.MockMvcPrintOnlyOnFailureTestExecutionListener, org.springframework.boot.test.autoconfigure.web.servlet.WebDriverTestExecutionListener, org.springframework.boot.test.autoconfigure.webservices.client.MockWebServiceServerTestExecutionListener, org.springframework.test.context.web.ServletTestExecutionListener, org.springframework.test.context.support.DirtiesContextBeforeModesTestExecutionListener, org.springframework.test.context.event.ApplicationEventsTestExecutionListener, org.springframework.test.context.support.DependencyInjectionTestExecutionListener, org.springframework.test.context.support.DirtiesContextTestExecutionListener, org.springframework.test.context.transaction.TransactionalTestExecutionListener, org.springframework.test.context.jdbc.SqlScriptsTestExecutionListener, org.springframework.test.context.event.EventPublishingTestExecutionListener]
10:25:14.185 [main] DEBUG org.springframework.boot.test.context.SpringBootTestContextBootstrapper - Skipping candidate TestExecutionListener [org.springframework.test.context.web.ServletTestExecutionListener] due to a missing dependency. Specify custom listener classes or make the default listener classes and their required dependencies available. Offending class: [javax/servlet/ServletContext]
10:25:14.187 [main] DEBUG org.springframework.boot.test.context.SpringBootTestContextBootstrapper - Skipping candidate TestExecutionListener [org.springframework.test.context.transaction.TransactionalTestExecutionListener] due to a missing dependency. Specify custom listener classes or make the default listener classes and their required dependencies available. Offending class: [org/springframework/transaction/TransactionDefinition]
10:25:14.187 [main] DEBUG org.springframework.boot.test.context.SpringBootTestContextBootstrapper - Skipping candidate TestExecutionListener [org.springframework.test.context.jdbc.SqlScriptsTestExecutionListener] due to a missing dependency. Specify custom listener classes or make the default listener classes and their required dependencies available. Offending class: [org/springframework/transaction/interceptor/TransactionAttribute]
10:25:14.188 [main] INFO org.springframework.boot.test.context.SpringBootTestContextBootstrapper - Using TestExecutionListeners: [org.springframework.test.context.support.DirtiesContextBeforeModesTestExecutionListener@3349e9bb, org.springframework.test.context.event.ApplicationEventsTestExecutionListener@409bf450, org.springframework.boot.test.mock.mockito.MockitoTestExecutionListener@38d8f54a, org.springframework.boot.test.autoconfigure.SpringBootDependencyInjectionTestExecutionListener@49e53c76, org.springframework.test.context.support.DirtiesContextTestExecutionListener@351d00c0, org.springframework.test.context.event.EventPublishingTestExecutionListener@2a3b5b47, org.springframework.boot.test.mock.mockito.ResetMocksTestExecutionListener@55b699ef, org.springframework.boot.test.autoconfigure.restdocs.RestDocsTestExecutionListener@35d019a3, org.springframework.boot.test.autoconfigure.web.client.MockRestServiceServerResetTestExecutionListener@689604d9, org.springframework.boot.test.autoconfigure.web.servlet.MockMvcPrintOnlyOnFailureTestExecutionListener@18078bef, org.springframework.boot.test.autoconfigure.web.servlet.WebDriverTestExecutionListener@799f10e1, org.springframework.boot.test.autoconfigure.webservices.client.MockWebServiceServerTestExecutionListener@4c371370]
10:25:14.190 [main] DEBUG org.springframework.test.annotation.ProfileValueUtils - Retrieved @ProfileValueSourceConfiguration [null] for test class [com.flowframe.sflow.examples.sflowtest.SflowTest]
10:25:14.192 [main] DEBUG org.springframework.test.annotation.ProfileValueUtils - Retrieved ProfileValueSource type [class org.springframework.test.annotation.SystemProfileValueSource] for class [com.flowframe.sflow.examples.sflowtest.SflowTest]
10:25:14.193 [main] DEBUG org.springframework.test.annotation.ProfileValueUtils - Retrieved @ProfileValueSourceConfiguration [null] for test class [com.flowframe.sflow.examples.sflowtest.SflowTest]
10:25:14.193 [main] DEBUG org.springframework.test.annotation.ProfileValueUtils - Retrieved ProfileValueSource type [class org.springframework.test.annotation.SystemProfileValueSource] for class [com.flowframe.sflow.examples.sflowtest.SflowTest]
10:25:14.193 [main] DEBUG org.springframework.test.annotation.ProfileValueUtils - Retrieved @ProfileValueSourceConfiguration [null] for test class [com.flowframe.sflow.examples.sflowtest.SflowTest]
10:25:14.193 [main] DEBUG org.springframework.test.annotation.ProfileValueUtils - Retrieved ProfileValueSource type [class org.springframework.test.annotation.SystemProfileValueSource] for class [com.flowframe.sflow.examples.sflowtest.SflowTest]
10:25:14.194 [main] DEBUG org.springframework.test.annotation.ProfileValueUtils - Retrieved @ProfileValueSourceConfiguration [null] for test class [com.flowframe.sflow.examples.sflowtest.SflowTest]
10:25:14.194 [main] DEBUG org.springframework.test.annotation.ProfileValueUtils - Retrieved ProfileValueSource type [class org.springframework.test.annotation.SystemProfileValueSource] for class [com.flowframe.sflow.examples.sflowtest.SflowTest]
10:25:14.199 [main] DEBUG org.springframework.test.context.support.AbstractDirtiesContextTestExecutionListener - Before test class: context [DefaultTestContext@41d477ed testClass = SflowTest, testInstance = [null], testMethod = [null], testException = [null], mergedContextConfiguration = [MergedContextConfiguration@3590fc5b testClass = SflowTest, locations = &apos;{}&apos;, classes = &apos;{class com.flowframe.sflow.examples.TestApplication}&apos;, contextInitializerClasses = &apos;[]&apos;, activeProfiles = &apos;{}&apos;, propertySourceLocations = &apos;{}&apos;, propertySourceProperties = &apos;{org.springframework.boot.test.context.SpringBootTestContextBootstrapper=true}&apos;, contextCustomizers = set[org.springframework.boot.test.context.filter.ExcludeFilterContextCustomizer@52525845, org.springframework.boot.test.json.DuplicateJsonObjectContextCustomizerFactory$DuplicateJsonObjectContextCustomizer@68ceda24, org.springframework.boot.test.mock.mockito.MockitoContextCustomizer@0, org.springframework.boot.test.web.client.TestRestTemplateContextCustomizer@57f23557, org.springframework.boot.test.autoconfigure.actuate.metrics.MetricsExportContextCustomizerFactory$DisableMetricExportContextCustomizer@69379752, org.springframework.boot.test.autoconfigure.properties.PropertyMappingContextCustomizer@0, org.springframework.boot.test.autoconfigure.web.servlet.WebDriverContextCustomizerFactory$Customizer@3bd94634, org.springframework.boot.test.context.SpringBootTestArgs@1, org.springframework.boot.test.context.SpringBootTestWebEnvironment@11438d26], contextLoader = &apos;org.springframework.boot.test.context.SpringBootContextLoader&apos;, parent = [null]], attributes = map[[empty]]], class annotated with @DirtiesContext [false] with mode [null].
10:25:14.201 [main] DEBUG org.springframework.test.annotation.ProfileValueUtils - Retrieved @ProfileValueSourceConfiguration [null] for test class [com.flowframe.sflow.examples.sflowtest.SflowTest]
10:25:14.201 [main] DEBUG org.springframework.test.annotation.ProfileValueUtils - Retrieved ProfileValueSource type [class org.springframework.test.annotation.SystemProfileValueSource] for class [com.flowframe.sflow.examples.sflowtest.SflowTest]
10:25:14.207 [main] DEBUG org.springframework.test.context.support.DependencyInjectionTestExecutionListener - Performing dependency injection for test context [[DefaultTestContext@41d477ed testClass = SflowTest, testInstance = com.flowframe.sflow.examples.sflowtest.SflowTest@292b08d6, testMethod = [null], testException = [null], mergedContextConfiguration = [MergedContextConfiguration@3590fc5b testClass = SflowTest, locations = &apos;{}&apos;, classes = &apos;{class com.flowframe.sflow.examples.TestApplication}&apos;, contextInitializerClasses = &apos;[]&apos;, activeProfiles = &apos;{}&apos;, propertySourceLocations = &apos;{}&apos;, propertySourceProperties = &apos;{org.springframework.boot.test.context.SpringBootTestContextBootstrapper=true}&apos;, contextCustomizers = set[org.springframework.boot.test.context.filter.ExcludeFilterContextCustomizer@52525845, org.springframework.boot.test.json.DuplicateJsonObjectContextCustomizerFactory$DuplicateJsonObjectContextCustomizer@68ceda24, org.springframework.boot.test.mock.mockito.MockitoContextCustomizer@0, org.springframework.boot.test.web.client.TestRestTemplateContextCustomizer@57f23557, org.springframework.boot.test.autoconfigure.actuate.metrics.MetricsExportContextCustomizerFactory$DisableMetricExportContextCustomizer@69379752, org.springframework.boot.test.autoconfigure.properties.PropertyMappingContextCustomizer@0, org.springframework.boot.test.autoconfigure.web.servlet.WebDriverContextCustomizerFactory$Customizer@3bd94634, org.springframework.boot.test.context.SpringBootTestArgs@1, org.springframework.boot.test.context.SpringBootTestWebEnvironment@11438d26], contextLoader = &apos;org.springframework.boot.test.context.SpringBootContextLoader&apos;, parent = [null]], attributes = map[&apos;org.springframework.test.context.event.ApplicationEventsTestExecutionListener.recordApplicationEvents&apos; -&gt; false]]].
10:25:14.245 [main] DEBUG org.springframework.test.context.support.TestPropertySourceUtils - Adding inlined properties to environment: {spring.jmx.enabled=false, org.springframework.boot.test.context.SpringBootTestContextBootstrapper=true}

  .   ____          _            __ _ _
 /\\ / ___&apos;_ __ _ _(_)_ __  __ _ \ \ \ \
( ( )\___ | &apos;_ | &apos;_| | &apos;_ \/ _` | \ \ \ \
 \\/  ___)| |_)| | | | | || (_| |  ) ) ) )
  &apos;  |____| .__|_| |_|_| |_\__, | / / / /
 =========|_|==============|___/=/_/_/_/
 :: Spring Boot ::                (v2.5.0)

2023-11-27 10:25:14.545  INFO 56494 --- [           main] c.f.sflow.examples.sflowtest.SflowTest   : Starting SflowTest using Java 1.8.0_151 on B-FCEHMD6M-1650.local with PID 56494 (started by qiurunze in /Users/qiurunze/Documents/project/qrzflow-frame)
2023-11-27 10:25:14.547  INFO 56494 --- [           main] c.f.sflow.examples.sflowtest.SflowTest   : No active profile set, falling back to default profiles: default
2023-11-27 10:25:15.051  INFO 56494 --- [           main] c.f.sflow.core.resgister.SFlowRegistry   : load flow config from directory:/Users/qiurunze/Documents/project/qrzflow-frame/target/classes/sflow_qrz_mock_data
2023-11-27 10:25:15.052  INFO 56494 --- [           main] c.f.sflow.core.resgister.SFlowRegistry   : load flow config from file:/Users/qiurunze/Documents/project/qrzflow-frame/target/classes/sflow_qrz_mock_data/sflow_test.json
sFlowWrapper 已加载完成[{&quot;sflows&quot;:[{&quot;code&quot;:&quot;supplier_flow&quot;,&quot;desc&quot;:&quot;机审校验流程A 公司不为空&quot;,&quot;nodes&quot;:[{&quot;desc&quot;:&quot;校验公司&quot;,&quot;executeComponent&quot;:&quot;CompanyNodeOne&quot;,&quot;nodeCode&quot;:&quot;check_company_name&quot;,&quot;returnHandler&quot;:{&quot;exceptionHandleType&quot;:&quot;FINISH&quot;,&quot;executeComponent&quot;:&quot;RegisterApproveQlExpressServiceImpl&quot;,&quot;resultHandle&quot;:&quot; import com.flowframe.sflow.core.undertake.context ; import org.apache.commons.lang3 ;if (1=1) {   AutoResponse autoResponse = new AutoResponse().setResult(&apos;公司名称为空&apos;);  return &apos;RegisterApproveAfterServiceImpl&apos;; } &quot;}},{&quot;desc&quot;:&quot;校验地址&quot;,&quot;executeComponent&quot;:&quot;AddressNodeOne&quot;,&quot;nodeCode&quot;:&quot;check_address&quot;,&quot;returnHandler&quot;:{&quot;exceptionHandleType&quot;:&quot;FINISH&quot;,&quot;executeComponent&quot;:&quot;RegisterApproveQlExpressServiceImpl&quot;,&quot;resultHandle&quot;:&quot;com.flowframe.sflow.examples.sflowtest.context;import org.apache.commons.lang3 ; import java.lang;import org.springframework.util; if(StringUtils.isEmpty(sflowContext.getAddress())) {  return &apos;RegisterApproveFinishServiceImpl&apos;;  }else{ AutoAppoveResponse autoAppoveResponse = new AutoAppoveResponse().setResult(RegisterStatusEnum.APPROVAL_REJECT.getId()).setRemark(&apos;地址填写错误，请检查后重新提交&apos;); supplierContext.setAutoAppoveResponse(autoAppoveResponse); return &apos;RegisterApproveAfterServiceImpl&apos;; }; };&quot;}}],&quot;qlNodes&quot;:[{&quot;desc&quot;:&quot;结果最终条件路由&quot;,&quot;executeComponent&quot;:&quot;RegisterApproveQlExpressServiceImpl&quot;,&quot;nodeCode&quot;:&quot;last_router&quot;,&quot;qlExpress&quot;:&quot;com.flowframe.sflow.examples.sflowtest.context;import org.apache.commons.lang3 ; import java.lang;import org.springframework.util; if(RegisterStatusEnum.APPROVAL_PASS.getId() == supplierContext.getAutoAppoveResponse().getResult()){return &apos;RegisterApproveAfterServiceImpl&apos;;}else if(RegisterStatusEnum.APPROVAL_REJECT.getId() == supplierContext.getAutoAppoveResponse().getResult()){ return &apos;RegisterApproveAfterServiceImpl&apos;;}else if(RegisterStatusEnum.APPROVAL_PENDING.getId() == supplierContext.getAutoAppoveResponse().getResult()){ return &apos;RegisterApproveAfterServiceImpl&apos;; }else if(RegisterStatusEnum.REGISTER_AUTO_APPROVE.getId() == supplierContext.getAutoAppoveResponse().getResult()){return &apos;RegisterApproveAfterServiceImpl&apos;;}&quot;}],&quot;supportedBizType&quot;:&quot;flowA_supplier&quot;,&quot;supportedScene&quot;:[&quot;machine_check&quot;]}]}]
2023-11-27 10:25:15.144  INFO 56494 --- [           main] c.f.sflow.core.resgister.SFlowRegistry   : SFlowRegistry_register
2023-11-27 10:25:15.164  WARN 56494 --- [           main] o.h.v.m.ParameterMessageInterpolator     : HV000184: ParameterMessageInterpolator has been chosen, EL interpolation will not be supported
2023-11-27 10:25:15.359  INFO 56494 --- [           main] c.f.sflow.examples.sflowtest.SflowTest   : Started SflowTest in 1.11 seconds (JVM running for 1.79)
2023-11-27 10:25:15.360  INFO 56494 --- [           main] o.s.b.a.ApplicationAvailabilityBean      : Application availability state LivenessState changed to CORRECT
2023-11-27 10:25:15.362  INFO 56494 --- [           main] o.s.b.a.ApplicationAvailabilityBean      : Application availability state ReadinessState changed to ACCEPTING_TRAFFIC
2023-11-27 10:25:15.396  INFO 56494 --- [           main] c.f.s.engine.executor.InstanceExecutor   : InstanceExecutor_startProcess
2023-11-27 10:25:15.396  INFO 56494 --- [           main] c.f.s.engine.executor.InstanceExecutor   : InstanceExecutor_actionProcess
2023-11-27 10:25:15.396  INFO 56494 --- [           main] c.f.s.engine.executor.InstanceExecutor   : InstanceExecutor_executeComponent
2023-11-27 10:25:15.396  INFO 56494 --- [           main] c.f.s.engine.executor.InstanceExecutor   : InstanceExecutor_executeComponent
2023-11-27 10:25:15.404  INFO 56494 --- [           main] c.f.s.e.sflowtest.node.CompanyNodeOne    : CompanyNodeOne#参数为#{&quot;bizType&quot;:&quot;flowA_supplier&quot;,&quot;companyName&quot;:&quot;alibaba&quot;,&quot;existCompanyName&quot;:false,&quot;extMap&quot;:{&quot;nodeCode&quot;:&quot;check_company_name&quot;},&quot;sFlowInstance&quot;:{&quot;sFlow&quot;:{&quot;code&quot;:&quot;supplier_flow&quot;,&quot;desc&quot;:&quot;机审校验流程A 公司不为空&quot;,&quot;nodes&quot;:[{&quot;desc&quot;:&quot;校验公司&quot;,&quot;executeComponent&quot;:&quot;CompanyNodeOne&quot;,&quot;nodeCode&quot;:&quot;check_company_name&quot;,&quot;returnHandler&quot;:{&quot;exceptionHandleType&quot;:&quot;FINISH&quot;,&quot;executeComponent&quot;:&quot;RegisterApproveQlExpressServiceImpl&quot;,&quot;resultHandle&quot;:&quot; import com.flowframe.sflow.core.undertake.context ; import org.apache.commons.lang3 ;if (1=1) {   AutoResponse autoResponse = new AutoResponse().setResult(&apos;公司名称为空&apos;);  return &apos;RegisterApproveAfterServiceImpl&apos;; } &quot;}},{&quot;desc&quot;:&quot;校验地址&quot;,&quot;executeComponent&quot;:&quot;AddressNodeOne&quot;,&quot;nodeCode&quot;:&quot;check_address&quot;,&quot;returnHandler&quot;:{&quot;exceptionHandleType&quot;:&quot;FINISH&quot;,&quot;executeComponent&quot;:&quot;RegisterApproveQlExpressServiceImpl&quot;,&quot;resultHandle&quot;:&quot;com.flowframe.sflow.examples.sflowtest.context;import org.apache.commons.lang3 ; import java.lang;import org.springframework.util; if(StringUtils.isEmpty(sflowContext.getAddress())) {  return &apos;RegisterApproveFinishServiceImpl&apos;;  }else{ AutoAppoveResponse autoAppoveResponse = new AutoAppoveResponse().setResult(RegisterStatusEnum.APPROVAL_REJECT.getId()).setRemark(&apos;地址填写错误，请检查后重新提交&apos;); supplierContext.setAutoAppoveResponse(autoAppoveResponse); return &apos;RegisterApproveAfterServiceImpl&apos;; }; };&quot;}}],&quot;qlNodes&quot;:[{&quot;desc&quot;:&quot;结果最终条件路由&quot;,&quot;executeComponent&quot;:&quot;RegisterApproveQlExpressServiceImpl&quot;,&quot;nodeCode&quot;:&quot;last_router&quot;,&quot;qlExpress&quot;:&quot;com.flowframe.sflow.examples.sflowtest.context;import org.apache.commons.lang3 ; import java.lang;import org.springframework.util; if(RegisterStatusEnum.APPROVAL_PASS.getId() == supplierContext.getAutoAppoveResponse().getResult()){return &apos;RegisterApproveAfterServiceImpl&apos;;}else if(RegisterStatusEnum.APPROVAL_REJECT.getId() == supplierContext.getAutoAppoveResponse().getResult()){ return &apos;RegisterApproveAfterServiceImpl&apos;;}else if(RegisterStatusEnum.APPROVAL_PENDING.getId() == supplierContext.getAutoAppoveResponse().getResult()){ return &apos;RegisterApproveAfterServiceImpl&apos;; }else if(RegisterStatusEnum.REGISTER_AUTO_APPROVE.getId() == supplierContext.getAutoAppoveResponse().getResult()){return &apos;RegisterApproveAfterServiceImpl&apos;;}&quot;}],&quot;supportedBizType&quot;:&quot;flowA_supplier&quot;,&quot;supportedScene&quot;:[&quot;machine_check&quot;]}},&quot;sceneCode&quot;:&quot;machine_check&quot;}
2023-11-27 10:25:15.407  INFO 56494 --- [           main] c.f.s.engine.executor.InstanceExecutor   : InstanceExecutor_executeComponent
2023-11-27 10:25:15.407  INFO 56494 --- [           main] c.f.s.engine.executor.InstanceExecutor   : InstanceExecutor_executeComponentQl
2023-11-27 10:25:15.408  INFO 56494 --- [           main] .n.q.RegisterApproveQlExpressServiceImpl : RegisterApproveQlExpressServiceImpl_nodeCode
</system-out>
  </testcase>
</testsuite>